Traceback (most recent call last):
  File "<frozen runpy>", line 198, in _run_module_as_main
  File "<frozen runpy>", line 88, in _run_code
  File "/Users/blakebot/blakebot/miami-project/src/collector/runner.py", line 1151, in <module>
    cli_entry()
    ~~~~~~~~~^^
  File "/Users/blakebot/blakebot/miami-project/src/collector/runner.py", line 1147, in cli_entry
    asyncio.run(main(config_path))
    ~~~~~~~~~~~^^^^^^^^^^^^^^^^^^^
  File "/opt/homebrew/Cellar/python@3.13/3.13.12_1/Frameworks/Python.framework/Versions/3.13/lib/python3.13/asyncio/runners.py", line 195, in run
    return runner.run(main)
           ~~~~~~~~~~^^^^^^
  File "/opt/homebrew/Cellar/python@3.13/3.13.12_1/Frameworks/Python.framework/Versions/3.13/lib/python3.13/asyncio/runners.py", line 118, in run
    return self._loop.run_until_complete(task)
           ~~~~~~~~~~~~~~~~~~~~~~~~~~~~~^^^^^^
  File "/opt/homebrew/Cellar/python@3.13/3.13.12_1/Frameworks/Python.framework/Versions/3.13/lib/python3.13/asyncio/base_events.py", line 725, in run_until_complete
    return future.result()
           ~~~~~~~~~~~~~^^
  File "/Users/blakebot/blakebot/miami-project/src/collector/runner.py", line 1082, in main
    cfg = load_config(config_path)
  File "/Users/blakebot/blakebot/miami-project/src/collector/config.py", line 113, in load_config
    with open(path, "rb") as f:
         ~~~~^^^^^^^^^^^^
FileNotFoundError: [Errno 2] No such file or directory: '--config'
